Build started 12/11/2014 02:46:14 AM.
     1>Project "D:\MDS\GD1P02 Algorithms and Data Structures\Work\Solitare\Solitare\Solitare.vcxproj" on node 2 (build target(s)).
     1>InitializeBuildStatus:
         Creating "Debug\Solitare.unsuccessfulbuild" because "AlwaysCreate" was specified.
       ClCompile:
         All outputs are up-to-date.
       ResourceCompile:
         All outputs are up-to-date.
       ManifestResourceCompile:
         All outputs are up-to-date.
       Link:
         All outputs are up-to-date.
       Manifest:
         All outputs are up-to-date.
       FinalizeBuildStatus:
         Deleting file "Debug\Solitare.unsuccessfulbuild".
         Touching "Debug\Solitare.lastbuildstate".
     1>Done Building Project "D:\MDS\GD1P02 Algorithms and Data Structures\Work\Solitare\Solitare\Solitare.vcxproj" (build target(s)).

Build succeeded.

Time Elapsed 00:00:00.08
