D:\USERS\THOMAS.BUTLER\DOCUMENTS\GITHUB\SOLITARE\DEBUG\SOLITARE.EXE
D:\USERS\THOMAS.BUTLER\DOCUMENTS\GITHUB\SOLITARE\DEBUG\SOLITARE.ILK
D:\USERS\THOMAS.BUTLER\DOCUMENTS\GITHUB\SOLITARE\DEBUG\SOLITARE.PDB
D:\USERS\THOMAS.BUTLER\DOCUMENTS\GITHUB\SOLITARE\SOLITARE\DEBUG\BACKBUFFER.OBJ
D:\USERS\THOMAS.BUTLER\DOCUMENTS\GITHUB\SOLITARE\SOLITARE\DEBUG\CARD.OBJ
D:\USERS\THOMAS.BUTLER\DOCUMENTS\GITHUB\SOLITARE\SOLITARE\DEBUG\CLOCK.OBJ
D:\USERS\THOMAS.BUTLER\DOCUMENTS\GITHUB\SOLITARE\SOLITARE\DEBUG\COLUMN.OBJ
D:\USERS\THOMAS.BUTLER\DOCUMENTS\GITHUB\SOLITARE\SOLITARE\DEBUG\DECK.OBJ
D:\USERS\THOMAS.BUTLER\DOCUMENTS\GITHUB\SOLITARE\SOLITARE\DEBUG\DRAWPILE.OBJ
D:\USERS\THOMAS.BUTLER\DOCUMENTS\GITHUB\SOLITARE\SOLITARE\DEBUG\ENTITY.OBJ
D:\USERS\THOMAS.BUTLER\DOCUMENTS\GITHUB\SOLITARE\SOLITARE\DEBUG\GAME.OBJ
D:\USERS\THOMAS.BUTLER\DOCUMENTS\GITHUB\SOLITARE\SOLITARE\DEBUG\HOME.OBJ
D:\USERS\THOMAS.BUTLER\DOCUMENTS\GITHUB\SOLITARE\SOLITARE\DEBUG\LEVEL.OBJ
D:\USERS\THOMAS.BUTLER\DOCUMENTS\GITHUB\SOLITARE\SOLITARE\DEBUG\MAIN.OBJ
D:\USERS\THOMAS.BUTLER\DOCUMENTS\GITHUB\SOLITARE\SOLITARE\DEBUG\SOLITARE.RES
D:\USERS\THOMAS.BUTLER\DOCUMENTS\GITHUB\SOLITARE\SOLITARE\DEBUG\SPRITE.OBJ
D:\USERS\THOMAS.BUTLER\DOCUMENTS\GITHUB\SOLITARE\SOLITARE\DEBUG\VC110.PDB
E:\GITHUB REPOSITORIES\SOLITARE\DEBUG\SOLITARE.EXE
E:\GITHUB REPOSITORIES\SOLITARE\DEBUG\SOLITARE.ILK
E:\GITHUB REPOSITORIES\SOLITARE\DEBUG\SOLITARE.PDB
E:\GITHUB REPOSITORIES\SOLITARE\SOLITARE\DEBUG\BACKBUFFER.OBJ
E:\GITHUB REPOSITORIES\SOLITARE\SOLITARE\DEBUG\CARD.OBJ
E:\GitHub Repositories\Solitare\Solitare\Debug\cl.command.1.tlog
E:\GitHub Repositories\Solitare\Solitare\Debug\CL.read.1.tlog
E:\GitHub Repositories\Solitare\Solitare\Debug\CL.write.1.tlog
E:\GITHUB REPOSITORIES\SOLITARE\SOLITARE\DEBUG\CLOCK.OBJ
E:\GITHUB REPOSITORIES\SOLITARE\SOLITARE\DEBUG\COLUMN.OBJ
E:\GITHUB REPOSITORIES\SOLITARE\SOLITARE\DEBUG\DECK.OBJ
E:\GITHUB REPOSITORIES\SOLITARE\SOLITARE\DEBUG\DRAWPILE.OBJ
E:\GITHUB REPOSITORIES\SOLITARE\SOLITARE\DEBUG\ENTITY.OBJ
E:\GITHUB REPOSITORIES\SOLITARE\SOLITARE\DEBUG\GAME.OBJ
E:\GITHUB REPOSITORIES\SOLITARE\SOLITARE\DEBUG\HOME.OBJ
E:\GITHUB REPOSITORIES\SOLITARE\SOLITARE\DEBUG\LEVEL.OBJ
E:\GitHub Repositories\Solitare\Solitare\Debug\link.32912.read.1.tlog
E:\GitHub Repositories\Solitare\Solitare\Debug\link.32912.write.1.tlog
E:\GitHub Repositories\Solitare\Solitare\Debug\link.32912-cvtres.read.1.tlog
E:\GitHub Repositories\Solitare\Solitare\Debug\link.32912-cvtres.write.1.tlog
E:\GitHub Repositories\Solitare\Solitare\Debug\link.32912-rc.read.1.tlog
E:\GitHub Repositories\Solitare\Solitare\Debug\link.32912-rc.write.1.tlog
E:\GitHub Repositories\Solitare\Solitare\Debug\link.4684.read.1.tlog
E:\GitHub Repositories\Solitare\Solitare\Debug\link.4684.write.1.tlog
E:\GitHub Repositories\Solitare\Solitare\Debug\link.4684-cvtres.read.1.tlog
E:\GitHub Repositories\Solitare\Solitare\Debug\link.4684-cvtres.write.1.tlog
E:\GitHub Repositories\Solitare\Solitare\Debug\link.command.1.tlog
E:\GitHub Repositories\Solitare\Solitare\Debug\link.read.1.tlog
E:\GitHub Repositories\Solitare\Solitare\Debug\link.write.1.tlog
E:\GitHub Repositories\Solitare\Solitare\Debug\link-cvtres.read.1.tlog
E:\GitHub Repositories\Solitare\Solitare\Debug\link-cvtres.write.1.tlog
E:\GitHub Repositories\Solitare\Solitare\Debug\link-rc.read.1.tlog
E:\GitHub Repositories\Solitare\Solitare\Debug\link-rc.write.1.tlog
E:\GITHUB REPOSITORIES\SOLITARE\SOLITARE\DEBUG\MAIN.OBJ
E:\GitHub Repositories\Solitare\Solitare\Debug\mt.command.1.tlog
E:\GitHub Repositories\Solitare\Solitare\Debug\mt.read.1.tlog
E:\GitHub Repositories\Solitare\Solitare\Debug\mt.write.1.tlog
E:\GitHub Repositories\Solitare\Solitare\Debug\rc.command.1.tlog
E:\GitHub Repositories\Solitare\Solitare\Debug\rc.read.1.tlog
E:\GitHub Repositories\Solitare\Solitare\Debug\rc.write.1.tlog
E:\GITHUB REPOSITORIES\SOLITARE\SOLITARE\DEBUG\SOLITARE.EXE.EMBED.MANIFEST
E:\GITHUB REPOSITORIES\SOLITARE\SOLITARE\DEBUG\SOLITARE.EXE.EMBED.MANIFEST.RES
E:\GITHUB REPOSITORIES\SOLITARE\SOLITARE\DEBUG\SOLITARE.EXE.INTERMEDIATE.MANIFEST
E:\GITHUB REPOSITORIES\SOLITARE\SOLITARE\DEBUG\SOLITARE.RES
E:\GitHub Repositories\Solitare\Solitare\Debug\Solitare.vcxprojResolveAssemblyReference.cache
E:\GitHub Repositories\Solitare\Solitare\Debug\Solitare.write.1.tlog
E:\GitHub Repositories\Solitare\Solitare\Debug\Solitare_manifest.rc
E:\GITHUB REPOSITORIES\SOLITARE\SOLITARE\DEBUG\SPRITE.OBJ
E:\GitHub Repositories\Solitare\Solitare\Debug\vc100.idb
E:\GITHUB REPOSITORIES\SOLITARE\SOLITARE\DEBUG\VC100.PDB
E:\GitHub Repositories\Solitare\Solitare\Debug\vc110.idb
E:\GitHub Repositories\Solitare\Solitare\Debug\vc110.pdb
F:\GITHUB\SOLITARE\DEBUG\SOLITARE.EXE
F:\GITHUB\SOLITARE\DEBUG\SOLITARE.ILK
F:\GITHUB\SOLITARE\DEBUG\SOLITARE.PDB
F:\GITHUB\SOLITARE\SOLITARE\DEBUG\BACKBUFFER.OBJ
F:\GITHUB\SOLITARE\SOLITARE\DEBUG\CARD.OBJ
F:\GITHUB\SOLITARE\SOLITARE\DEBUG\CLOCK.OBJ
F:\GITHUB\SOLITARE\SOLITARE\DEBUG\COLUMN.OBJ
F:\GITHUB\SOLITARE\SOLITARE\DEBUG\DECK.OBJ
F:\GITHUB\SOLITARE\SOLITARE\DEBUG\DRAWPILE.OBJ
F:\GITHUB\SOLITARE\SOLITARE\DEBUG\ENTITY.OBJ
F:\GITHUB\SOLITARE\SOLITARE\DEBUG\GAME.OBJ
F:\GITHUB\SOLITARE\SOLITARE\DEBUG\HOME.OBJ
F:\GITHUB\SOLITARE\SOLITARE\DEBUG\LEVEL.OBJ
F:\GITHUB\SOLITARE\SOLITARE\DEBUG\MAIN.OBJ
F:\GITHUB\SOLITARE\SOLITARE\DEBUG\SOLITARE.EXE.EMBED.MANIFEST
F:\GITHUB\SOLITARE\SOLITARE\DEBUG\SOLITARE.EXE.EMBED.MANIFEST.RES
F:\GITHUB\SOLITARE\SOLITARE\DEBUG\SOLITARE.EXE.INTERMEDIATE.MANIFEST
F:\GITHUB\SOLITARE\SOLITARE\DEBUG\SOLITARE.RES
F:\GITHUB\SOLITARE\SOLITARE\DEBUG\SPRITE.OBJ
F:\GITHUB\SOLITARE\SOLITARE\DEBUG\VC100.PDB
